C:\USERS\ASUS\DOCUMENTS\VISUAL STUDIO 2010\PROJECTS\HIPERDUPERJAZDA\DEBUG\HIPERDUPERJAZDA.EXE
C:\USERS\ASUS\DOCUMENTS\VISUAL STUDIO 2010\PROJECTS\HIPERDUPERJAZDA\DEBUG\HIPERDUPERJAZDA.ILK
C:\USERS\ASUS\DOCUMENTS\VISUAL STUDIO 2010\PROJECTS\HIPERDUPERJAZDA\DEBUG\HIPERDUPERJAZDA.PDB
C:\USERS\ASUS\DOCUMENTS\VISUAL STUDIO 2010\PROJECTS\HIPERDUPERJAZDA\HIPERDUPERJAZDA\DEBUG\CHARACTER.OBJ
C:\Users\asus\Documents\Visual Studio 2010\Projects\Hiperduperjazda\Hiperduperjazda\Debug\cl.command.1.tlog
C:\Users\asus\Documents\Visual Studio 2010\Projects\Hiperduperjazda\Hiperduperjazda\Debug\CL.read.1.tlog
C:\Users\asus\Documents\Visual Studio 2010\Projects\Hiperduperjazda\Hiperduperjazda\Debug\CL.write.1.tlog
C:\USERS\ASUS\DOCUMENTS\VISUAL STUDIO 2010\PROJECTS\HIPERDUPERJAZDA\HIPERDUPERJAZDA\DEBUG\ENGINE.OBJ
C:\USERS\ASUS\DOCUMENTS\VISUAL STUDIO 2010\PROJECTS\HIPERDUPERJAZDA\HIPERDUPERJAZDA\DEBUG\HIPERDUPERJAZDA.EXE.INTERMEDIATE.MANIFEST
C:\Users\asus\Documents\Visual Studio 2010\Projects\Hiperduperjazda\Hiperduperjazda\Debug\link.command.1.tlog
C:\Users\asus\Documents\Visual Studio 2010\Projects\Hiperduperjazda\Hiperduperjazda\Debug\link.read.1.tlog
C:\Users\asus\Documents\Visual Studio 2010\Projects\Hiperduperjazda\Hiperduperjazda\Debug\link.write.1.tlog
C:\USERS\ASUS\DOCUMENTS\VISUAL STUDIO 2010\PROJECTS\HIPERDUPERJAZDA\HIPERDUPERJAZDA\DEBUG\MAIN.OBJ
C:\USERS\ASUS\DOCUMENTS\VISUAL STUDIO 2010\PROJECTS\HIPERDUPERJAZDA\HIPERDUPERJAZDA\DEBUG\MAP.OBJ
C:\Users\asus\Documents\Visual Studio 2010\Projects\Hiperduperjazda\Hiperduperjazda\Debug\mt.command.1.tlog
C:\Users\asus\Documents\Visual Studio 2010\Projects\Hiperduperjazda\Hiperduperjazda\Debug\mt.read.1.tlog
C:\Users\asus\Documents\Visual Studio 2010\Projects\Hiperduperjazda\Hiperduperjazda\Debug\mt.write.1.tlog
C:\USERS\ASUS\DOCUMENTS\VISUAL STUDIO 2010\PROJECTS\HIPERDUPERJAZDA\HIPERDUPERJAZDA\DEBUG\TIMER.OBJ
C:\Users\asus\Documents\Visual Studio 2010\Projects\Hiperduperjazda\Hiperduperjazda\Debug\vc100.idb
C:\USERS\ASUS\DOCUMENTS\VISUAL STUDIO 2010\PROJECTS\HIPERDUPERJAZDA\HIPERDUPERJAZDA\DEBUG\VC100.PDB
C:\USERS\ASUS\DOCUMENTS\VISUAL STUDIO 2010\PROJECTS\HIPERDUPERJAZDA\HIPERDUPERJAZDA\DEBUG\WEAPON.OBJ
